{"name": "Write review for iPhone", "status": "broken", "statusDetails": {"message": "selenium.common.exceptions.TimeoutException: Message:", "trace": "pages = (<page_object.Home_page.HomePage object at 0x000002004D7FDA90>, <page_object.Product_page.ProductPage object at 0x0000...ject.Cart_page.CartPage object at 0x000002004D7FFFB0>, <page_object.Login_page.LoginPage object at 0x000002004D7FDAC0>)\n\n    @allure.feature(\"Review\")\n    @allure.title(\"Write review for iPhone\")\n    def test_write_review(pages):\n        home_page, product_page, _, _ = pages\n        home_page.search(\"iPhone\")\n        product_page.go_to_product_page(\"iPhone\", 200)\n>       product_page.write_review(\"This is a great phone!\", 5)\n\ntest\\cp4_test.py:58: \n_ _ _ _ _ _ _ _ _ _ _ _ _ _ _ _ _ _ _ _ _ _ _ _ _ _ _ _ _ _ _ _ _ _ _ _ _ _ _ _ _ _ _ _ _ _ _ _ _ _ _ _ _ _ _ _ _ _ _ _ _ _ _ _ _ _ _ _ _ _ _ _ _ _ _ _ _ _ _ _ _ _ _ _ _ _ _ _ _\npage_object\\Product_page.py:36: in write_review\n    self.scroll_down(700)\npage_object\\Base_page.py:21: in scroll_down\n    WebDriverWait(self.driver, 10).until(lambda d: abs(d.execute_script(\"return window.pageYOffset;\") - start_pos) >= abs(value))\n_ _ _ _ _ _ _ _ _ _ _ _ _ _ _ _ _ _ _ _ _ _ _ _ _ _ _ _ _ _ _ _ _ _ _ _ _ _ _ _ _ _ _ _ _ _ _ _ _ _ _ _ _ _ _ _ _ _ _ _ _ _ _ _ _ _ _ _ _ _ _ _ _ _ _ _ _ _ _ _ _ _ _ _ _ _ _ _ _\n\nself = <selenium.webdriver.support.wait.WebDriverWait (session=\"5eeb80bc728b92d09036840f32354a6a\")>\nmethod = <function BasePage.scroll_down.<locals>.<lambda> at 0x000002004DB87A60>, message = ''\n\n    def until(self, method: Callable[[D], Union[Literal[False], T]], message: str = \"\") -> T:\n        \"\"\"Calls the method provided with the driver as an argument until the \\\n        return value does not evaluate to ``False``.\n    \n        :param method: callable(WebDriver)\n        :param message: optional message for :exc:`TimeoutException`\n        :returns: the result of the last call to `method`\n        :raises: :exc:`selenium.common.exceptions.TimeoutException` if timeout occurs\n        \"\"\"\n        screen = None\n        stacktrace = None\n    \n        end_time = time.monotonic() + self._timeout\n        while True:\n            try:\n                value = method(self._driver)\n                if value:\n                    return value\n            except self._ignored_exceptions as exc:\n                screen = getattr(exc, \"screen\", None)\n                stacktrace = getattr(exc, \"stacktrace\", None)\n            if time.monotonic() > end_time:\n                break\n            time.sleep(self._poll)\n>       raise TimeoutException(message, screen, stacktrace)\nE       selenium.common.exceptions.TimeoutException: Message:\n\nC:\\Users\\taper\\AppData\\Local\\Programs\\Python\\Python312\\Lib\\site-packages\\selenium\\webdriver\\support\\wait.py:105: TimeoutException"}, "steps": [{"name": "send_keys", "status": "passed", "parameters": [{"name": "by", "value": "'name'"}, {"name": "value", "value": "'search'"}, {"name": "text", "value": "'iPhone'"}], "start": 1748867718314, "stop": 1748867718372}, {"name": "click", "status": "passed", "parameters": [{"name": "by", "value": "'css selector'"}, {"name": "value", "value": "'.btn.btn-light.btn-lg'"}], "start": 1748867718373, "stop": 1748867718608}, {"name": "scroll_down", "status": "passed", "parameters": [{"name": "value", "value": "200"}], "start": 1748867718608, "stop": 1748867719131}, {"name": "click", "status": "passed", "parameters": [{"name": "by", "value": "'xpath'"}, {"name": "value", "value": "'//a[contains(text(), 'iPhone')]'"}], "start": 1748867719131, "stop": 1748867719344}, {"name": "scroll_down", "status": "passed", "parameters": [{"name": "value", "value": "100"}], "start": 1748867719344, "stop": 1748867719863}, {"name": "click", "status": "passed", "parameters": [{"name": "by", "value": "'xpath'"}, {"name": "value", "value": "'//a[contains(text(), 'Write a review')]'"}], "start": 1748867719863, "stop": 1748867719908}, {"name": "scroll_down", "status": "broken", "statusDetails": {"message": "selenium.common.exceptions.TimeoutException: Message: \n\n", "trace": "  File \"C:\\Users\\taper\\AppData\\Local\\Programs\\Python\\Python312\\Lib\\site-packages\\allure_commons\\_allure.py\", line 202, in impl\n    return func(*a, **kw)\n           ^^^^^^^^^^^^^^\n  File \"C:\\Used\\tests\\term2\\page_object\\Base_page.py\", line 21, in scroll_down\n    WebDriverWait(self.driver, 10).until(lambda d: abs(d.execute_script(\"return window.pageYOffset;\") - start_pos) >= abs(value))\n  File \"C:\\Users\\taper\\AppData\\Local\\Programs\\Python\\Python312\\Lib\\site-packages\\selenium\\webdriver\\support\\wait.py\", line 105, in until\n    raise TimeoutException(message, screen, stacktrace)\n"}, "parameters": [{"name": "value", "value": "700"}], "start": 1748867719908, "stop": 1748867730004}], "start": 1748867718314, "stop": 1748867730004, "uuid": "47d5ca96-fb74-4721-8102-4ae01a15f0e0", "historyId": "4cba83bfd2d9fde4a1ebc326fe92d8ca", "testCaseId": "4cba83bfd2d9fde4a1ebc326fe92d8ca", "fullName": "test.cp4_test#test_write_review", "labels": [{"name": "feature", "value": "Review"}, {"name": "parentSuite", "value": "test"}, {"name": "suite", "value": "cp4_test"}, {"name": "host", "value": "LAPTOP-EF6LB905"}, {"name": "thread", "value": "10164-MainThread"}, {"name": "framework", "value": "pytest"}, {"name": "language", "value": "cpython3"}, {"name": "package", "value": "test.cp4_test"}]}